<?xml version="1.0" encoding="UTF-8"?>
<!-- Generated by org.testng.reporters.JUnitReportReporter -->
<testsuite hostname="DESKTOP-H0PI4DT" failures="0" tests="3" name="testRun.TestRunner" time="132.349" errors="0" timestamp="2023-06-01T12:56:39 IST" skipped="0">
  <testcase classname="testRun.TestRunner" name="runScenario" time="58.678"/>
  <system-out/>
  <testcase classname="testRun.TestRunner" name="runScenario" time="37.770"/>
  <system-out/>
  <testcase classname="testRun.TestRunner" name="runScenario" time="35.901"/>
  <system-out/>
</testsuite> <!-- testRun.TestRunner -->
